2024-04-21 10:24:23,906 INFO org.springframework.boot.StartupInfoLogger [restartedMain] Starting WebApplication on CSCO-W-PW01XVAM with PID 55288 (C:\_data\git_projects\cop-xform-acc360\target\classes started by james101 in C:\_data\git_projects\cop-xform-acc360)
2024-04-21 10:24:23,912 DEBUG org.springframework.boot.StartupInfoLogger [restartedMain] Running with Spring Boot v2.3.2.RELEASE, Spring v5.2.8.RELEASE
2024-04-21 10:24:23,912 INFO org.springframework.boot.SpringApplication [restartedMain] No active profile set, falling back to default profiles: default
2024-04-21 10:24:23,944 INFO org.springframework.boot.logging.DeferredLog [restartedMain] Devtools property defaults active! Set 'spring.devtools.add-properties' to 'false' to disable
2024-04-21 10:24:23,945 INFO org.springframework.boot.logging.DeferredLog [restartedMain] For additional web related logging consider setting the 'logging.level.web' property to 'DEBUG'
2024-04-21 10:24:24,709 INFO org.springframework.boot.web.embedded.tomcat.TomcatWebServer [restartedMain] Tomcat initialized with port(s): 8082 (http)
2024-04-21 10:24:24,717 INFO org.apache.juli.logging.DirectJDKLog [restartedMain] Initializing ProtocolHandler ["http-nio-8082"]
2024-04-21 10:24:24,718 INFO org.apache.juli.logging.DirectJDKLog [restartedMain] Starting service [Tomcat]
2024-04-21 10:24:24,718 INFO org.apache.juli.logging.DirectJDKLog [restartedMain] Starting Servlet engine: [Apache Tomcat/9.0.37]
2024-04-21 10:24:24,861 INFO org.apache.juli.logging.DirectJDKLog [restartedMain] At least one JAR was scanned for TLDs yet contained no TLDs. Enable debug logging for this logger for a complete list of JARs that were scanned but no TLDs were found in them. Skipping unneeded JARs during scanning can improve startup time and JSP compilation time.
2024-04-21 10:24:24,865 INFO org.apache.juli.logging.DirectJDKLog [restartedMain] Initializing Spring embedded WebApplicationContext
2024-04-21 10:24:24,865 INFO org.springframework.boot.web.servlet.context.ServletWebServerApplicationContext [restartedMain] Root WebApplicationContext: initialization completed in 920 ms
2024-04-21 10:24:24,978 INFO org.springframework.scheduling.concurrent.ExecutorConfigurationSupport [restartedMain] Initializing ExecutorService 'applicationTaskExecutor'
2024-04-21 10:24:24,983 DEBUG org.springframework.web.servlet.mvc.method.annotation.RequestMappingHandlerAdapter [restartedMain] ControllerAdvice beans: 0 @ModelAttribute, 0 @InitBinder, 1 RequestBodyAdvice, 1 ResponseBodyAdvice
2024-04-21 10:24:25,023 DEBUG org.springframework.web.servlet.handler.AbstractHandlerMethodMapping [restartedMain] 5 mappings in 'requestMappingHandlerMapping'
2024-04-21 10:24:25,039 DEBUG org.springframework.web.servlet.handler.SimpleUrlHandlerMapping [restartedMain] Patterns [/webjars/**, /**] in 'resourceHandlerMapping'
2024-04-21 10:24:25,043 DEBUG org.springframework.web.servlet.mvc.method.annotation.ExceptionHandlerExceptionResolver [restartedMain] ControllerAdvice beans: 0 @ExceptionHandler, 1 ResponseBodyAdvice
2024-04-21 10:24:25,079 INFO org.springframework.boot.devtools.autoconfigure.OptionalLiveReloadServer [restartedMain] LiveReload server is running on port 35729
2024-04-21 10:24:25,086 INFO org.apache.juli.logging.DirectJDKLog [restartedMain] Starting ProtocolHandler ["http-nio-8082"]
2024-04-21 10:24:25,126 INFO org.springframework.boot.web.embedded.tomcat.TomcatWebServer [restartedMain] Tomcat started on port(s): 8082 (http) with context path ''
2024-04-21 10:24:25,133 INFO org.springframework.boot.StartupInfoLogger [restartedMain] Started WebApplication in 1.484 seconds (JVM running for 1.752)
2024-04-21 10:24:25,134 INFO com.rudetools.otel.WebAppListener [restartedMain] 
2024-04-21 10:24:25,135 INFO com.rudetools.otel.WebAppListener [restartedMain] 
2024-04-21 10:24:25,135 INFO com.rudetools.otel.WebAppListener [restartedMain] ######################################    STARTING COP XFORM    ######################################
2024-04-21 10:24:25,135 INFO com.rudetools.otel.WebAppListener [restartedMain] 
2024-04-21 10:24:30,205 INFO org.apache.juli.logging.DirectJDKLog [http-nio-8082-exec-2] Initializing Spring DispatcherServlet 'dispatcherServlet'
2024-04-21 10:24:30,206 INFO org.springframework.web.servlet.FrameworkServlet [http-nio-8082-exec-2] Initializing Servlet 'dispatcherServlet'
2024-04-21 10:24:30,206 DEBUG org.springframework.web.servlet.DispatcherServlet [http-nio-8082-exec-2] Detected StandardServletMultipartResolver
2024-04-21 10:24:30,209 DEBUG org.springframework.web.servlet.FrameworkServlet [http-nio-8082-exec-2] enableLoggingRequestDetails='false': request parameters and headers will be masked to prevent unsafe logging of potentially sensitive data
2024-04-21 10:24:30,210 INFO org.springframework.web.servlet.FrameworkServlet [http-nio-8082-exec-2] Completed initialization in 4 ms
2024-04-21 10:24:30,215 DEBUG org.springframework.core.log.LogFormatUtils [http-nio-8082-exec-2] POST "/predictability/?clientId=agt_4GJv5c3YsF0uecjrXWqJq0", parameters={masked}
2024-04-21 10:24:30,218 DEBUG org.springframework.web.servlet.handler.AbstractHandlerMapping [http-nio-8082-exec-2] Mapped to com.rudetools.otel.controllers.WebController#processPredictability(HttpServletRequest, ModelMap, String, String)
2024-04-21 10:24:30,234 DEBUG org.springframework.core.log.LogFormatUtils [http-nio-8082-exec-2] Read "application/json;charset=UTF-8" to ["{
    "root": {
        "row": [
            {
                "number": "INC0009009",
        (truncated)...]
2024-04-21 10:24:30,239 INFO com.rudetools.otel.controllers.WebController [http-nio-8082-exec-2] Client IP = 0:0:0:0:0:0:0:1
2024-04-21 10:24:30,239 INFO com.rudetools.otel.controllers.WebController [http-nio-8082-exec-2] ClientId = agt_4GJv5c3YsF0uecjrXWqJq0
2024-04-21 10:24:30,286 INFO com.rudetools.otel.xform.PredictabilityXform [http-nio-8082-exec-2] Number of Incidents = 67
2024-04-21 10:24:30,286 INFO com.rudetools.otel.xform.PredictabilityXform [http-nio-8082-exec-2] 
2024-04-21 10:24:30,287 INFO com.rudetools.otel.xform.PredictabilityXform [http-nio-8082-exec-2] CY23-Q1 : Incidents = 14
2024-04-21 10:24:30,287 INFO com.rudetools.otel.xform.PredictabilityXform [http-nio-8082-exec-2] Summary = 2023:1
2024-04-21 10:24:30,288 INFO com.rudetools.otel.xform.PredictabilityXform [http-nio-8082-exec-2] CY23-Q2 : Incidents = 15
2024-04-21 10:24:30,288 INFO com.rudetools.otel.xform.PredictabilityXform [http-nio-8082-exec-2] Summary = 2023:2
2024-04-21 10:24:30,288 INFO com.rudetools.otel.xform.PredictabilityXform [http-nio-8082-exec-2] CY23-Q3 : Incidents = 26
2024-04-21 10:24:30,288 INFO com.rudetools.otel.xform.PredictabilityXform [http-nio-8082-exec-2] Summary = 2023:3
2024-04-21 10:24:30,288 INFO com.rudetools.otel.xform.PredictabilityXform [http-nio-8082-exec-2] CY23-Q4 : Incidents = 12
2024-04-21 10:24:30,288 INFO com.rudetools.otel.xform.PredictabilityXform [http-nio-8082-exec-2] Summary = 2023:4
2024-04-21 10:24:40,677 INFO com.rudetools.otel.utils.HttpUtils [http-nio-8082-exec-2] HTTP Response Code = 200
2024-04-21 10:24:40,681 INFO com.rudetools.otel.utils.HttpUtils [http-nio-8082-exec-2] HTTP Response Code = 200
2024-04-21 10:24:40,684 INFO com.rudetools.otel.utils.HttpUtils [http-nio-8082-exec-2] HTTP Response Code = 200
2024-04-21 10:24:40,687 INFO com.rudetools.otel.utils.HttpUtils [http-nio-8082-exec-2] HTTP Response Code = 200
2024-04-21 10:24:40,690 INFO com.rudetools.otel.utils.HttpUtils [http-nio-8082-exec-2] HTTP Response Code = 200
2024-04-21 10:24:40,693 INFO com.rudetools.otel.utils.HttpUtils [http-nio-8082-exec-2] HTTP Response Code = 200
2024-04-21 10:24:40,696 INFO com.rudetools.otel.utils.HttpUtils [http-nio-8082-exec-2] HTTP Response Code = 200
2024-04-21 10:24:40,699 INFO com.rudetools.otel.utils.HttpUtils [http-nio-8082-exec-2] HTTP Response Code = 200
2024-04-21 10:24:40,702 INFO com.rudetools.otel.utils.HttpUtils [http-nio-8082-exec-2] HTTP Response Code = 200
2024-04-21 10:24:40,706 INFO com.rudetools.otel.utils.HttpUtils [http-nio-8082-exec-2] HTTP Response Code = 200
2024-04-21 10:24:40,709 INFO com.rudetools.otel.utils.HttpUtils [http-nio-8082-exec-2] HTTP Response Code = 200
2024-04-21 10:24:40,712 INFO com.rudetools.otel.utils.HttpUtils [http-nio-8082-exec-2] HTTP Response Code = 200
2024-04-21 10:24:40,714 INFO com.rudetools.otel.utils.HttpUtils [http-nio-8082-exec-2] HTTP Response Code = 200
2024-04-21 10:24:40,717 INFO com.rudetools.otel.utils.HttpUtils [http-nio-8082-exec-2] HTTP Response Code = 200
2024-04-21 10:24:40,720 INFO com.rudetools.otel.utils.HttpUtils [http-nio-8082-exec-2] HTTP Response Code = 200
2024-04-21 10:24:40,723 INFO com.rudetools.otel.utils.HttpUtils [http-nio-8082-exec-2] HTTP Response Code = 200
2024-04-21 10:24:40,725 INFO com.rudetools.otel.utils.HttpUtils [http-nio-8082-exec-2] HTTP Response Code = 200
2024-04-21 10:24:40,728 INFO com.rudetools.otel.utils.HttpUtils [http-nio-8082-exec-2] HTTP Response Code = 200
2024-04-21 10:24:40,730 INFO com.rudetools.otel.utils.HttpUtils [http-nio-8082-exec-2] HTTP Response Code = 200
2024-04-21 10:24:40,733 INFO com.rudetools.otel.utils.HttpUtils [http-nio-8082-exec-2] HTTP Response Code = 200
2024-04-21 10:24:40,736 INFO com.rudetools.otel.utils.HttpUtils [http-nio-8082-exec-2] HTTP Response Code = 200
2024-04-21 10:24:40,739 INFO com.rudetools.otel.utils.HttpUtils [http-nio-8082-exec-2] HTTP Response Code = 200
2024-04-21 10:24:40,741 INFO com.rudetools.otel.utils.HttpUtils [http-nio-8082-exec-2] HTTP Response Code = 200
2024-04-21 10:24:40,743 INFO com.rudetools.otel.utils.HttpUtils [http-nio-8082-exec-2] HTTP Response Code = 200
2024-04-21 10:24:40,746 INFO com.rudetools.otel.utils.HttpUtils [http-nio-8082-exec-2] HTTP Response Code = 200
2024-04-21 10:24:40,748 INFO com.rudetools.otel.utils.HttpUtils [http-nio-8082-exec-2] HTTP Response Code = 200
2024-04-21 10:24:40,751 INFO com.rudetools.otel.utils.HttpUtils [http-nio-8082-exec-2] HTTP Response Code = 200
2024-04-21 10:24:40,753 INFO com.rudetools.otel.utils.HttpUtils [http-nio-8082-exec-2] HTTP Response Code = 200
2024-04-21 10:24:40,756 INFO com.rudetools.otel.utils.HttpUtils [http-nio-8082-exec-2] HTTP Response Code = 200
2024-04-21 10:24:40,758 INFO com.rudetools.otel.utils.HttpUtils [http-nio-8082-exec-2] HTTP Response Code = 200
2024-04-21 10:24:40,760 INFO com.rudetools.otel.utils.HttpUtils [http-nio-8082-exec-2] HTTP Response Code = 200
2024-04-21 10:24:40,762 INFO com.rudetools.otel.utils.HttpUtils [http-nio-8082-exec-2] HTTP Response Code = 200
2024-04-21 10:24:40,765 INFO com.rudetools.otel.utils.HttpUtils [http-nio-8082-exec-2] HTTP Response Code = 200
2024-04-21 10:24:40,767 INFO com.rudetools.otel.utils.HttpUtils [http-nio-8082-exec-2] HTTP Response Code = 200
2024-04-21 10:24:40,770 INFO com.rudetools.otel.utils.HttpUtils [http-nio-8082-exec-2] HTTP Response Code = 200
2024-04-21 10:24:40,772 INFO com.rudetools.otel.utils.HttpUtils [http-nio-8082-exec-2] HTTP Response Code = 200
2024-04-21 10:24:40,775 INFO com.rudetools.otel.utils.HttpUtils [http-nio-8082-exec-2] HTTP Response Code = 200
2024-04-21 10:24:40,777 INFO com.rudetools.otel.utils.HttpUtils [http-nio-8082-exec-2] HTTP Response Code = 200
2024-04-21 10:24:40,780 INFO com.rudetools.otel.utils.HttpUtils [http-nio-8082-exec-2] HTTP Response Code = 200
2024-04-21 10:24:40,782 INFO com.rudetools.otel.utils.HttpUtils [http-nio-8082-exec-2] HTTP Response Code = 200
2024-04-21 10:24:40,783 INFO com.rudetools.otel.utils.HttpUtils [http-nio-8082-exec-2] HTTP Response Code = 200
2024-04-21 10:24:40,785 INFO com.rudetools.otel.utils.HttpUtils [http-nio-8082-exec-2] HTTP Response Code = 200
2024-04-21 10:24:40,788 INFO com.rudetools.otel.utils.HttpUtils [http-nio-8082-exec-2] HTTP Response Code = 200
2024-04-21 10:24:40,791 INFO com.rudetools.otel.utils.HttpUtils [http-nio-8082-exec-2] HTTP Response Code = 200
2024-04-21 10:24:40,793 INFO com.rudetools.otel.utils.HttpUtils [http-nio-8082-exec-2] HTTP Response Code = 200
2024-04-21 10:24:40,795 INFO com.rudetools.otel.utils.HttpUtils [http-nio-8082-exec-2] HTTP Response Code = 200
2024-04-21 10:24:40,797 INFO com.rudetools.otel.utils.HttpUtils [http-nio-8082-exec-2] HTTP Response Code = 200
2024-04-21 10:24:40,800 INFO com.rudetools.otel.utils.HttpUtils [http-nio-8082-exec-2] HTTP Response Code = 200
2024-04-21 10:24:40,801 INFO com.rudetools.otel.utils.HttpUtils [http-nio-8082-exec-2] HTTP Response Code = 200
2024-04-21 10:24:40,804 INFO com.rudetools.otel.utils.HttpUtils [http-nio-8082-exec-2] HTTP Response Code = 200
2024-04-21 10:24:40,807 INFO com.rudetools.otel.utils.HttpUtils [http-nio-8082-exec-2] HTTP Response Code = 200
2024-04-21 10:24:40,812 INFO com.rudetools.otel.utils.HttpUtils [http-nio-8082-exec-2] HTTP Response Code = 200
2024-04-21 10:24:40,814 INFO com.rudetools.otel.utils.HttpUtils [http-nio-8082-exec-2] HTTP Response Code = 200
2024-04-21 10:24:40,817 INFO com.rudetools.otel.utils.HttpUtils [http-nio-8082-exec-2] HTTP Response Code = 200
2024-04-21 10:24:40,819 INFO com.rudetools.otel.utils.HttpUtils [http-nio-8082-exec-2] HTTP Response Code = 200
2024-04-21 10:24:40,823 INFO com.rudetools.otel.utils.HttpUtils [http-nio-8082-exec-2] HTTP Response Code = 200
2024-04-21 10:24:40,826 INFO com.rudetools.otel.utils.HttpUtils [http-nio-8082-exec-2] HTTP Response Code = 200
2024-04-21 10:24:40,828 INFO com.rudetools.otel.utils.HttpUtils [http-nio-8082-exec-2] HTTP Response Code = 200
2024-04-21 10:24:40,830 INFO com.rudetools.otel.utils.HttpUtils [http-nio-8082-exec-2] HTTP Response Code = 200
2024-04-21 10:24:40,832 INFO com.rudetools.otel.utils.HttpUtils [http-nio-8082-exec-2] HTTP Response Code = 200
2024-04-21 10:24:40,835 INFO com.rudetools.otel.utils.HttpUtils [http-nio-8082-exec-2] HTTP Response Code = 200
2024-04-21 10:24:40,837 INFO com.rudetools.otel.utils.HttpUtils [http-nio-8082-exec-2] HTTP Response Code = 200
2024-04-21 10:24:40,840 INFO com.rudetools.otel.utils.HttpUtils [http-nio-8082-exec-2] HTTP Response Code = 200
2024-04-21 10:24:40,843 INFO com.rudetools.otel.utils.HttpUtils [http-nio-8082-exec-2] HTTP Response Code = 200
2024-04-21 10:24:40,846 INFO com.rudetools.otel.utils.HttpUtils [http-nio-8082-exec-2] HTTP Response Code = 200
2024-04-21 10:24:40,848 INFO com.rudetools.otel.utils.HttpUtils [http-nio-8082-exec-2] HTTP Response Code = 200
2024-04-21 10:24:40,851 INFO com.rudetools.otel.utils.HttpUtils [http-nio-8082-exec-2] HTTP Response Code = 200
2024-04-21 10:24:40,855 INFO com.rudetools.otel.utils.HttpUtils [http-nio-8082-exec-2] HTTP Response Code = 200
2024-04-21 10:24:40,858 INFO com.rudetools.otel.utils.HttpUtils [http-nio-8082-exec-2] HTTP Response Code = 200
2024-04-21 10:24:40,861 INFO com.rudetools.otel.utils.HttpUtils [http-nio-8082-exec-2] HTTP Response Code = 200
2024-04-21 10:24:40,863 INFO com.rudetools.otel.utils.HttpUtils [http-nio-8082-exec-2] HTTP Response Code = 200
2024-04-21 10:24:40,868 DEBUG org.springframework.web.servlet.view.ContentNegotiatingViewResolver [http-nio-8082-exec-2] Selected '*/*' given [*/*]
2024-04-21 10:24:40,868 DEBUG org.springframework.web.servlet.view.AbstractView [http-nio-8082-exec-2] View name 'result', model {org.springframework.validation.BindingResult.string=org.springframework.validation.BeanPropertyBindingResult: 0 errors}
2024-04-21 10:24:40,872 DEBUG org.springframework.web.servlet.view.InternalResourceView [http-nio-8082-exec-2] Forwarding to [/WEB-INF/jsp/result.jsp]
2024-04-21 10:24:41,253 DEBUG org.springframework.web.servlet.FrameworkServlet [http-nio-8082-exec-2] Completed 200 OK
2024-04-21 10:26:21,376 DEBUG org.springframework.core.log.LogFormatUtils [http-nio-8082-exec-3] POST "/environmental/?clientId=agt_4GJv5c3YsF0uecjrXWqJq0", parameters={masked}
2024-04-21 10:26:21,376 DEBUG org.springframework.web.servlet.handler.AbstractHandlerMapping [http-nio-8082-exec-3] Mapped to com.rudetools.otel.controllers.WebController#processEnvironmental(HttpServletRequest, ModelMap, String, String)
2024-04-21 10:26:21,377 DEBUG org.springframework.core.log.LogFormatUtils [http-nio-8082-exec-3] Read "application/json;charset=UTF-8" to ["{
    "root": {
      "row": [
        {
          "Air-Carrier": "AIR CANADA",
          "Air (truncated)...]
2024-04-21 10:26:21,378 INFO com.rudetools.otel.controllers.WebController [http-nio-8082-exec-3] Client IP = 0:0:0:0:0:0:0:1
2024-04-21 10:26:21,378 INFO com.rudetools.otel.controllers.WebController [http-nio-8082-exec-3] ClientId = agt_4GJv5c3YsF0uecjrXWqJq0
2024-04-21 10:26:21,380 INFO com.rudetools.otel.xform.EnvironmentalXform [http-nio-8082-exec-3] Number of environs = 6
2024-04-21 10:26:21,380 INFO com.rudetools.otel.xform.EnvironmentalXform [http-nio-8082-exec-3] 
2024-04-21 10:26:21,381 INFO com.rudetools.otel.xform.EnvironmentalXform [http-nio-8082-exec-3] FY22 : Environs = 1
2024-04-21 10:26:21,381 INFO com.rudetools.otel.xform.EnvironmentalXform [http-nio-8082-exec-3] FY24 : Environs = 2
2024-04-21 10:26:21,381 INFO com.rudetools.otel.xform.EnvironmentalXform [http-nio-8082-exec-3] FY23 : Environs = 3
2024-04-21 10:26:21,381 INFO com.rudetools.otel.xform.EnvironmentalXform [http-nio-8082-exec-3] createSummariesforYear count = 3
2024-04-21 10:26:21,386 INFO com.rudetools.otel.xform.EnvironmentalXform [http-nio-8082-exec-3] Q4-FY22 : Environs = 1
2024-04-21 10:26:21,386 INFO com.rudetools.otel.xform.EnvironmentalXform [http-nio-8082-exec-3] Q1-FY23 : Environs = 1
2024-04-21 10:26:21,386 INFO com.rudetools.otel.xform.EnvironmentalXform [http-nio-8082-exec-3] Q3-FY23 : Environs = 2
2024-04-21 10:26:21,386 INFO com.rudetools.otel.xform.EnvironmentalXform [http-nio-8082-exec-3] Q1-FY24 : Environs = 2
2024-04-21 10:26:21,386 INFO com.rudetools.otel.xform.EnvironmentalXform [http-nio-8082-exec-3] createSummariesforQuarter count = 4
2024-04-21 10:26:21,396 INFO com.rudetools.otel.utils.HttpUtils [http-nio-8082-exec-3] HTTP Response Code = 200
2024-04-21 10:26:21,397 INFO com.rudetools.otel.utils.HttpUtils [http-nio-8082-exec-3] HTTP Response Code = 200
2024-04-21 10:26:21,399 INFO com.rudetools.otel.utils.HttpUtils [http-nio-8082-exec-3] HTTP Response Code = 200
2024-04-21 10:26:29,407 INFO com.rudetools.otel.utils.HttpUtils [http-nio-8082-exec-3] HTTP Response Code = 200
2024-04-21 10:26:29,411 INFO com.rudetools.otel.utils.HttpUtils [http-nio-8082-exec-3] HTTP Response Code = 200
2024-04-21 10:26:29,414 INFO com.rudetools.otel.utils.HttpUtils [http-nio-8082-exec-3] HTTP Response Code = 200
2024-04-21 10:26:29,416 INFO com.rudetools.otel.utils.HttpUtils [http-nio-8082-exec-3] HTTP Response Code = 200
2024-04-21 10:26:37,431 INFO com.rudetools.otel.utils.HttpUtils [http-nio-8082-exec-3] HTTP Response Code = 200
2024-04-21 10:26:37,434 INFO com.rudetools.otel.utils.HttpUtils [http-nio-8082-exec-3] HTTP Response Code = 200
2024-04-21 10:26:37,436 INFO com.rudetools.otel.utils.HttpUtils [http-nio-8082-exec-3] HTTP Response Code = 200
2024-04-21 10:26:37,438 INFO com.rudetools.otel.utils.HttpUtils [http-nio-8082-exec-3] HTTP Response Code = 200
2024-04-21 10:26:37,441 INFO com.rudetools.otel.utils.HttpUtils [http-nio-8082-exec-3] HTTP Response Code = 200
2024-04-21 10:26:37,443 INFO com.rudetools.otel.utils.HttpUtils [http-nio-8082-exec-3] HTTP Response Code = 200
2024-04-21 10:26:37,444 DEBUG org.springframework.web.servlet.view.ContentNegotiatingViewResolver [http-nio-8082-exec-3] Selected '*/*' given [*/*]
2024-04-21 10:26:37,444 DEBUG org.springframework.web.servlet.view.AbstractView [http-nio-8082-exec-3] View name 'result', model {org.springframework.validation.BindingResult.string=org.springframework.validation.BeanPropertyBindingResult: 0 errors}
2024-04-21 10:26:37,444 DEBUG org.springframework.web.servlet.view.InternalResourceView [http-nio-8082-exec-3] Forwarding to [/WEB-INF/jsp/result.jsp]
2024-04-21 10:26:37,446 DEBUG org.springframework.web.servlet.FrameworkServlet [http-nio-8082-exec-3] Completed 200 OK
2024-04-21 11:29:35,076 INFO org.springframework.boot.StartupInfoLogger [restartedMain] Starting WebApplication on CSCO-W-PW01XVAM with PID 54248 (C:\_data\git_projects\cop-xform-acc360\target\classes started by james101 in C:\_data\git_projects\cop-xform-acc360)
2024-04-21 11:29:35,077 DEBUG org.springframework.boot.StartupInfoLogger [restartedMain] Running with Spring Boot v2.3.2.RELEASE, Spring v5.2.8.RELEASE
2024-04-21 11:29:35,078 INFO org.springframework.boot.SpringApplication [restartedMain] No active profile set, falling back to default profiles: default
2024-04-21 11:29:35,111 INFO org.springframework.boot.logging.DeferredLog [restartedMain] Devtools property defaults active! Set 'spring.devtools.add-properties' to 'false' to disable
2024-04-21 11:29:35,112 INFO org.springframework.boot.logging.DeferredLog [restartedMain] For additional web related logging consider setting the 'logging.level.web' property to 'DEBUG'
2024-04-21 11:29:35,825 INFO org.springframework.boot.web.embedded.tomcat.TomcatWebServer [restartedMain] Tomcat initialized with port(s): 8082 (http)
2024-04-21 11:29:35,832 INFO org.apache.juli.logging.DirectJDKLog [restartedMain] Initializing ProtocolHandler ["http-nio-8082"]
2024-04-21 11:29:35,833 INFO org.apache.juli.logging.DirectJDKLog [restartedMain] Starting service [Tomcat]
2024-04-21 11:29:35,833 INFO org.apache.juli.logging.DirectJDKLog [restartedMain] Starting Servlet engine: [Apache Tomcat/9.0.37]
2024-04-21 11:29:35,979 INFO org.apache.juli.logging.DirectJDKLog [restartedMain] At least one JAR was scanned for TLDs yet contained no TLDs. Enable debug logging for this logger for a complete list of JARs that were scanned but no TLDs were found in them. Skipping unneeded JARs during scanning can improve startup time and JSP compilation time.
2024-04-21 11:29:35,983 INFO org.apache.juli.logging.DirectJDKLog [restartedMain] Initializing Spring embedded WebApplicationContext
2024-04-21 11:29:35,983 INFO org.springframework.boot.web.servlet.context.ServletWebServerApplicationContext [restartedMain] Root WebApplicationContext: initialization completed in 871 ms
2024-04-21 11:29:36,107 INFO org.springframework.scheduling.concurrent.ExecutorConfigurationSupport [restartedMain] Initializing ExecutorService 'applicationTaskExecutor'
2024-04-21 11:29:36,113 DEBUG org.springframework.web.servlet.mvc.method.annotation.RequestMappingHandlerAdapter [restartedMain] ControllerAdvice beans: 0 @ModelAttribute, 0 @InitBinder, 1 RequestBodyAdvice, 1 ResponseBodyAdvice
2024-04-21 11:29:36,157 DEBUG org.springframework.web.servlet.handler.AbstractHandlerMethodMapping [restartedMain] 5 mappings in 'requestMappingHandlerMapping'
2024-04-21 11:29:36,174 DEBUG org.springframework.web.servlet.handler.SimpleUrlHandlerMapping [restartedMain] Patterns [/webjars/**, /**] in 'resourceHandlerMapping'
2024-04-21 11:29:36,182 DEBUG org.springframework.web.servlet.mvc.method.annotation.ExceptionHandlerExceptionResolver [restartedMain] ControllerAdvice beans: 0 @ExceptionHandler, 1 ResponseBodyAdvice
2024-04-21 11:29:36,225 INFO org.springframework.boot.devtools.autoconfigure.OptionalLiveReloadServer [restartedMain] LiveReload server is running on port 35729
2024-04-21 11:29:36,231 INFO org.apache.juli.logging.DirectJDKLog [restartedMain] Starting ProtocolHandler ["http-nio-8082"]
2024-04-21 11:29:36,250 INFO org.springframework.boot.web.embedded.tomcat.TomcatWebServer [restartedMain] Tomcat started on port(s): 8082 (http) with context path ''
2024-04-21 11:29:36,258 INFO org.springframework.boot.StartupInfoLogger [restartedMain] Started WebApplication in 1.446 seconds (JVM running for 1.713)
2024-04-21 11:29:36,260 INFO com.rudetools.otel.WebAppListener [restartedMain] 
2024-04-21 11:29:36,260 INFO com.rudetools.otel.WebAppListener [restartedMain] 
2024-04-21 11:29:36,260 INFO com.rudetools.otel.WebAppListener [restartedMain] ######################################    STARTING COP XFORM    ######################################
2024-04-21 11:29:36,260 INFO com.rudetools.otel.WebAppListener [restartedMain] 
2024-04-21 11:30:13,451 INFO org.apache.juli.logging.DirectJDKLog [http-nio-8082-exec-4] Initializing Spring DispatcherServlet 'dispatcherServlet'
2024-04-21 11:30:13,451 INFO org.springframework.web.servlet.FrameworkServlet [http-nio-8082-exec-4] Initializing Servlet 'dispatcherServlet'
2024-04-21 11:30:13,451 DEBUG org.springframework.web.servlet.DispatcherServlet [http-nio-8082-exec-4] Detected StandardServletMultipartResolver
2024-04-21 11:30:13,458 DEBUG org.springframework.web.servlet.FrameworkServlet [http-nio-8082-exec-4] enableLoggingRequestDetails='false': request parameters and headers will be masked to prevent unsafe logging of potentially sensitive data
2024-04-21 11:30:13,458 INFO org.springframework.web.servlet.FrameworkServlet [http-nio-8082-exec-4] Completed initialization in 7 ms
2024-04-21 11:30:13,466 DEBUG org.springframework.core.log.LogFormatUtils [http-nio-8082-exec-4] POST "/environmental/?clientId=agt_4GJv5c3YsF0uecjrXWqJq0", parameters={masked}
2024-04-21 11:30:13,469 DEBUG org.springframework.web.servlet.handler.AbstractHandlerMapping [http-nio-8082-exec-4] Mapped to com.rudetools.otel.controllers.WebController#processEnvironmental(HttpServletRequest, ModelMap, String, String)
2024-04-21 11:30:13,484 DEBUG org.springframework.core.log.LogFormatUtils [http-nio-8082-exec-4] Read "application/json;charset=UTF-8" to ["{
    "root": {
      "row": [
        {
          "Air-Carrier": "AIR CANADA",
          "Air (truncated)...]
2024-04-21 11:30:13,488 INFO com.rudetools.otel.controllers.WebController [http-nio-8082-exec-4] Client IP = 0:0:0:0:0:0:0:1
2024-04-21 11:30:13,489 INFO com.rudetools.otel.controllers.WebController [http-nio-8082-exec-4] ClientId = agt_4GJv5c3YsF0uecjrXWqJq0
2024-04-21 11:30:13,497 INFO com.rudetools.otel.xform.EnvironmentalXform [http-nio-8082-exec-4] Number of environs = 6
2024-04-21 11:30:13,498 INFO com.rudetools.otel.xform.EnvironmentalXform [http-nio-8082-exec-4] 
2024-04-21 11:30:13,498 INFO com.rudetools.otel.xform.EnvironmentalXform [http-nio-8082-exec-4] FY22 : Environs = 1
2024-04-21 11:30:13,499 INFO com.rudetools.otel.xform.EnvironmentalXform [http-nio-8082-exec-4] FY24 : Environs = 2
2024-04-21 11:30:13,499 INFO com.rudetools.otel.xform.EnvironmentalXform [http-nio-8082-exec-4] FY23 : Environs = 3
2024-04-21 11:30:13,499 INFO com.rudetools.otel.xform.EnvironmentalXform [http-nio-8082-exec-4] createSummariesforYear count = 3
2024-04-21 11:30:13,502 INFO com.rudetools.otel.xform.EnvironmentalXform [http-nio-8082-exec-4] Q4-FY22 : Environs = 1
2024-04-21 11:30:13,502 INFO com.rudetools.otel.xform.EnvironmentalXform [http-nio-8082-exec-4] Q1-FY23 : Environs = 1
2024-04-21 11:30:13,502 INFO com.rudetools.otel.xform.EnvironmentalXform [http-nio-8082-exec-4] Q3-FY23 : Environs = 2
2024-04-21 11:30:13,502 INFO com.rudetools.otel.xform.EnvironmentalXform [http-nio-8082-exec-4] Q1-FY24 : Environs = 2
2024-04-21 11:30:13,502 INFO com.rudetools.otel.xform.EnvironmentalXform [http-nio-8082-exec-4] createSummariesforQuarter count = 4
2024-04-21 11:30:13,845 INFO com.rudetools.otel.utils.HttpUtils [http-nio-8082-exec-4] HTTP Response Code = 200
2024-04-21 11:30:13,849 INFO com.rudetools.otel.utils.HttpUtils [http-nio-8082-exec-4] HTTP Response Code = 200
2024-04-21 11:30:13,852 INFO com.rudetools.otel.utils.HttpUtils [http-nio-8082-exec-4] HTTP Response Code = 200
2024-04-21 11:30:21,864 INFO com.rudetools.otel.utils.HttpUtils [http-nio-8082-exec-4] HTTP Response Code = 200
2024-04-21 11:30:21,866 INFO com.rudetools.otel.utils.HttpUtils [http-nio-8082-exec-4] HTTP Response Code = 200
2024-04-21 11:30:21,869 INFO com.rudetools.otel.utils.HttpUtils [http-nio-8082-exec-4] HTTP Response Code = 200
2024-04-21 11:30:21,871 INFO com.rudetools.otel.utils.HttpUtils [http-nio-8082-exec-4] HTTP Response Code = 200
2024-04-21 11:30:29,886 INFO com.rudetools.otel.utils.HttpUtils [http-nio-8082-exec-4] HTTP Response Code = 200
2024-04-21 11:30:29,894 INFO com.rudetools.otel.utils.HttpUtils [http-nio-8082-exec-4] HTTP Response Code = 200
2024-04-21 11:30:29,899 INFO com.rudetools.otel.utils.HttpUtils [http-nio-8082-exec-4] HTTP Response Code = 200
2024-04-21 11:30:29,902 INFO com.rudetools.otel.utils.HttpUtils [http-nio-8082-exec-4] HTTP Response Code = 200
2024-04-21 11:30:29,907 INFO com.rudetools.otel.utils.HttpUtils [http-nio-8082-exec-4] HTTP Response Code = 200
2024-04-21 11:30:29,912 INFO com.rudetools.otel.utils.HttpUtils [http-nio-8082-exec-4] HTTP Response Code = 200
2024-04-21 11:30:29,917 DEBUG org.springframework.web.servlet.view.ContentNegotiatingViewResolver [http-nio-8082-exec-4] Selected '*/*' given [*/*]
2024-04-21 11:30:29,918 DEBUG org.springframework.web.servlet.view.AbstractView [http-nio-8082-exec-4] View name 'result', model {org.springframework.validation.BindingResult.string=org.springframework.validation.BeanPropertyBindingResult: 0 errors}
2024-04-21 11:30:29,921 DEBUG org.springframework.web.servlet.view.InternalResourceView [http-nio-8082-exec-4] Forwarding to [/WEB-INF/jsp/result.jsp]
2024-04-21 11:30:30,264 DEBUG org.springframework.web.servlet.FrameworkServlet [http-nio-8082-exec-4] Completed 200 OK
2024-04-21 11:30:36,254 DEBUG org.springframework.core.log.LogFormatUtils [http-nio-8082-exec-3] POST "/predictability/?clientId=agt_4GJv5c3YsF0uecjrXWqJq0", parameters={masked}
2024-04-21 11:30:36,254 DEBUG org.springframework.web.servlet.handler.AbstractHandlerMapping [http-nio-8082-exec-3] Mapped to com.rudetools.otel.controllers.WebController#processPredictability(HttpServletRequest, ModelMap, String, String)
2024-04-21 11:30:36,256 DEBUG org.springframework.core.log.LogFormatUtils [http-nio-8082-exec-3] Read "application/json;charset=UTF-8" to ["{
    "root": {
        "row": [
            {
                "number": "INC0009009",
        (truncated)...]
2024-04-21 11:30:36,256 INFO com.rudetools.otel.controllers.WebController [http-nio-8082-exec-3] Client IP = 0:0:0:0:0:0:0:1
2024-04-21 11:30:36,256 INFO com.rudetools.otel.controllers.WebController [http-nio-8082-exec-3] ClientId = agt_4GJv5c3YsF0uecjrXWqJq0
2024-04-21 11:30:36,268 INFO com.rudetools.otel.xform.PredictabilityXform [http-nio-8082-exec-3] Number of Incidents = 67
2024-04-21 11:30:36,269 INFO com.rudetools.otel.xform.PredictabilityXform [http-nio-8082-exec-3] 
2024-04-21 11:30:36,270 INFO com.rudetools.otel.xform.PredictabilityXform [http-nio-8082-exec-3] CY23-Q1 : Incidents = 14
2024-04-21 11:30:36,270 INFO com.rudetools.otel.xform.PredictabilityXform [http-nio-8082-exec-3] Summary = 2023:1
2024-04-21 11:30:36,270 INFO com.rudetools.otel.xform.PredictabilityXform [http-nio-8082-exec-3] CY23-Q2 : Incidents = 15
2024-04-21 11:30:36,270 INFO com.rudetools.otel.xform.PredictabilityXform [http-nio-8082-exec-3] Summary = 2023:2
2024-04-21 11:30:36,270 INFO com.rudetools.otel.xform.PredictabilityXform [http-nio-8082-exec-3] CY23-Q3 : Incidents = 26
2024-04-21 11:30:36,271 INFO com.rudetools.otel.xform.PredictabilityXform [http-nio-8082-exec-3] Summary = 2023:3
2024-04-21 11:30:36,271 INFO com.rudetools.otel.xform.PredictabilityXform [http-nio-8082-exec-3] CY23-Q4 : Incidents = 12
2024-04-21 11:30:36,271 INFO com.rudetools.otel.xform.PredictabilityXform [http-nio-8082-exec-3] Summary = 2023:4
2024-04-21 11:30:46,349 INFO com.rudetools.otel.utils.HttpUtils [http-nio-8082-exec-3] HTTP Response Code = 200
2024-04-21 11:30:46,355 INFO com.rudetools.otel.utils.HttpUtils [http-nio-8082-exec-3] HTTP Response Code = 200
2024-04-21 11:30:46,359 INFO com.rudetools.otel.utils.HttpUtils [http-nio-8082-exec-3] HTTP Response Code = 200
2024-04-21 11:30:46,362 INFO com.rudetools.otel.utils.HttpUtils [http-nio-8082-exec-3] HTTP Response Code = 200
2024-04-21 11:30:46,364 INFO com.rudetools.otel.utils.HttpUtils [http-nio-8082-exec-3] HTTP Response Code = 200
2024-04-21 11:30:46,368 INFO com.rudetools.otel.utils.HttpUtils [http-nio-8082-exec-3] HTTP Response Code = 200
2024-04-21 11:30:46,372 INFO com.rudetools.otel.utils.HttpUtils [http-nio-8082-exec-3] HTTP Response Code = 200
2024-04-21 11:30:46,374 INFO com.rudetools.otel.utils.HttpUtils [http-nio-8082-exec-3] HTTP Response Code = 200
2024-04-21 11:30:46,377 INFO com.rudetools.otel.utils.HttpUtils [http-nio-8082-exec-3] HTTP Response Code = 200
2024-04-21 11:30:46,379 INFO com.rudetools.otel.utils.HttpUtils [http-nio-8082-exec-3] HTTP Response Code = 200
2024-04-21 11:30:46,383 INFO com.rudetools.otel.utils.HttpUtils [http-nio-8082-exec-3] HTTP Response Code = 200
2024-04-21 11:30:46,386 INFO com.rudetools.otel.utils.HttpUtils [http-nio-8082-exec-3] HTTP Response Code = 200
2024-04-21 11:30:46,392 INFO com.rudetools.otel.utils.HttpUtils [http-nio-8082-exec-3] HTTP Response Code = 200
2024-04-21 11:30:46,395 INFO com.rudetools.otel.utils.HttpUtils [http-nio-8082-exec-3] HTTP Response Code = 200
2024-04-21 11:30:46,405 INFO com.rudetools.otel.utils.HttpUtils [http-nio-8082-exec-3] HTTP Response Code = 200
2024-04-21 11:30:46,408 INFO com.rudetools.otel.utils.HttpUtils [http-nio-8082-exec-3] HTTP Response Code = 200
2024-04-21 11:30:46,410 INFO com.rudetools.otel.utils.HttpUtils [http-nio-8082-exec-3] HTTP Response Code = 200
2024-04-21 11:30:46,412 INFO com.rudetools.otel.utils.HttpUtils [http-nio-8082-exec-3] HTTP Response Code = 200
2024-04-21 11:30:46,414 INFO com.rudetools.otel.utils.HttpUtils [http-nio-8082-exec-3] HTTP Response Code = 200
2024-04-21 11:30:46,416 INFO com.rudetools.otel.utils.HttpUtils [http-nio-8082-exec-3] HTTP Response Code = 200
2024-04-21 11:30:46,418 INFO com.rudetools.otel.utils.HttpUtils [http-nio-8082-exec-3] HTTP Response Code = 200
2024-04-21 11:30:46,420 INFO com.rudetools.otel.utils.HttpUtils [http-nio-8082-exec-3] HTTP Response Code = 200
2024-04-21 11:30:46,422 INFO com.rudetools.otel.utils.HttpUtils [http-nio-8082-exec-3] HTTP Response Code = 200
2024-04-21 11:30:46,423 INFO com.rudetools.otel.utils.HttpUtils [http-nio-8082-exec-3] HTTP Response Code = 200
2024-04-21 11:30:46,425 INFO com.rudetools.otel.utils.HttpUtils [http-nio-8082-exec-3] HTTP Response Code = 200
2024-04-21 11:30:46,426 INFO com.rudetools.otel.utils.HttpUtils [http-nio-8082-exec-3] HTTP Response Code = 200
2024-04-21 11:30:46,428 INFO com.rudetools.otel.utils.HttpUtils [http-nio-8082-exec-3] HTTP Response Code = 200
2024-04-21 11:30:46,430 INFO com.rudetools.otel.utils.HttpUtils [http-nio-8082-exec-3] HTTP Response Code = 200
2024-04-21 11:30:46,432 INFO com.rudetools.otel.utils.HttpUtils [http-nio-8082-exec-3] HTTP Response Code = 200
2024-04-21 11:30:46,435 INFO com.rudetools.otel.utils.HttpUtils [http-nio-8082-exec-3] HTTP Response Code = 200
2024-04-21 11:30:46,437 INFO com.rudetools.otel.utils.HttpUtils [http-nio-8082-exec-3] HTTP Response Code = 200
2024-04-21 11:30:46,439 INFO com.rudetools.otel.utils.HttpUtils [http-nio-8082-exec-3] HTTP Response Code = 200
2024-04-21 11:30:46,441 INFO com.rudetools.otel.utils.HttpUtils [http-nio-8082-exec-3] HTTP Response Code = 200
2024-04-21 11:30:46,443 INFO com.rudetools.otel.utils.HttpUtils [http-nio-8082-exec-3] HTTP Response Code = 200
2024-04-21 11:30:46,445 INFO com.rudetools.otel.utils.HttpUtils [http-nio-8082-exec-3] HTTP Response Code = 200
2024-04-21 11:30:46,447 INFO com.rudetools.otel.utils.HttpUtils [http-nio-8082-exec-3] HTTP Response Code = 200
2024-04-21 11:30:46,449 INFO com.rudetools.otel.utils.HttpUtils [http-nio-8082-exec-3] HTTP Response Code = 200
2024-04-21 11:30:46,452 INFO com.rudetools.otel.utils.HttpUtils [http-nio-8082-exec-3] HTTP Response Code = 200
2024-04-21 11:30:46,455 INFO com.rudetools.otel.utils.HttpUtils [http-nio-8082-exec-3] HTTP Response Code = 200
2024-04-21 11:30:46,458 INFO com.rudetools.otel.utils.HttpUtils [http-nio-8082-exec-3] HTTP Response Code = 200
2024-04-21 11:30:46,461 INFO com.rudetools.otel.utils.HttpUtils [http-nio-8082-exec-3] HTTP Response Code = 200
2024-04-21 11:30:46,463 INFO com.rudetools.otel.utils.HttpUtils [http-nio-8082-exec-3] HTTP Response Code = 200
2024-04-21 11:30:46,466 INFO com.rudetools.otel.utils.HttpUtils [http-nio-8082-exec-3] HTTP Response Code = 200
2024-04-21 11:30:46,472 INFO com.rudetools.otel.utils.HttpUtils [http-nio-8082-exec-3] HTTP Response Code = 200
2024-04-21 11:30:46,474 INFO com.rudetools.otel.utils.HttpUtils [http-nio-8082-exec-3] HTTP Response Code = 200
2024-04-21 11:30:46,477 INFO com.rudetools.otel.utils.HttpUtils [http-nio-8082-exec-3] HTTP Response Code = 200
2024-04-21 11:30:46,480 INFO com.rudetools.otel.utils.HttpUtils [http-nio-8082-exec-3] HTTP Response Code = 200
2024-04-21 11:30:46,483 INFO com.rudetools.otel.utils.HttpUtils [http-nio-8082-exec-3] HTTP Response Code = 200
2024-04-21 11:30:46,487 INFO com.rudetools.otel.utils.HttpUtils [http-nio-8082-exec-3] HTTP Response Code = 200
2024-04-21 11:30:46,490 INFO com.rudetools.otel.utils.HttpUtils [http-nio-8082-exec-3] HTTP Response Code = 200
2024-04-21 11:30:46,494 INFO com.rudetools.otel.utils.HttpUtils [http-nio-8082-exec-3] HTTP Response Code = 200
2024-04-21 11:30:46,497 INFO com.rudetools.otel.utils.HttpUtils [http-nio-8082-exec-3] HTTP Response Code = 200
2024-04-21 11:30:46,501 INFO com.rudetools.otel.utils.HttpUtils [http-nio-8082-exec-3] HTTP Response Code = 200
2024-04-21 11:30:46,508 INFO com.rudetools.otel.utils.HttpUtils [http-nio-8082-exec-3] HTTP Response Code = 200
2024-04-21 11:30:46,510 INFO com.rudetools.otel.utils.HttpUtils [http-nio-8082-exec-3] HTTP Response Code = 200
2024-04-21 11:30:46,513 INFO com.rudetools.otel.utils.HttpUtils [http-nio-8082-exec-3] HTTP Response Code = 200
2024-04-21 11:30:46,514 INFO com.rudetools.otel.utils.HttpUtils [http-nio-8082-exec-3] HTTP Response Code = 200
2024-04-21 11:30:46,517 INFO com.rudetools.otel.utils.HttpUtils [http-nio-8082-exec-3] HTTP Response Code = 200
2024-04-21 11:30:46,521 INFO com.rudetools.otel.utils.HttpUtils [http-nio-8082-exec-3] HTTP Response Code = 200
2024-04-21 11:30:46,523 INFO com.rudetools.otel.utils.HttpUtils [http-nio-8082-exec-3] HTTP Response Code = 200
2024-04-21 11:30:46,525 INFO com.rudetools.otel.utils.HttpUtils [http-nio-8082-exec-3] HTTP Response Code = 200
2024-04-21 11:30:46,527 INFO com.rudetools.otel.utils.HttpUtils [http-nio-8082-exec-3] HTTP Response Code = 200
2024-04-21 11:30:46,529 INFO com.rudetools.otel.utils.HttpUtils [http-nio-8082-exec-3] HTTP Response Code = 200
2024-04-21 11:30:46,531 INFO com.rudetools.otel.utils.HttpUtils [http-nio-8082-exec-3] HTTP Response Code = 200
2024-04-21 11:30:46,533 INFO com.rudetools.otel.utils.HttpUtils [http-nio-8082-exec-3] HTTP Response Code = 200
2024-04-21 11:30:46,535 INFO com.rudetools.otel.utils.HttpUtils [http-nio-8082-exec-3] HTTP Response Code = 200
2024-04-21 11:30:46,538 INFO com.rudetools.otel.utils.HttpUtils [http-nio-8082-exec-3] HTTP Response Code = 200
2024-04-21 11:30:46,539 INFO com.rudetools.otel.utils.HttpUtils [http-nio-8082-exec-3] HTTP Response Code = 200
2024-04-21 11:30:46,541 INFO com.rudetools.otel.utils.HttpUtils [http-nio-8082-exec-3] HTTP Response Code = 200
2024-04-21 11:30:46,543 INFO com.rudetools.otel.utils.HttpUtils [http-nio-8082-exec-3] HTTP Response Code = 200
2024-04-21 11:30:46,545 INFO com.rudetools.otel.utils.HttpUtils [http-nio-8082-exec-3] HTTP Response Code = 200
2024-04-21 11:30:46,546 DEBUG org.springframework.web.servlet.view.ContentNegotiatingViewResolver [http-nio-8082-exec-3] Selected '*/*' given [*/*]
2024-04-21 11:30:46,546 DEBUG org.springframework.web.servlet.view.AbstractView [http-nio-8082-exec-3] View name 'result', model {org.springframework.validation.BindingResult.string=org.springframework.validation.BeanPropertyBindingResult: 0 errors}
2024-04-21 11:30:46,546 DEBUG org.springframework.web.servlet.view.InternalResourceView [http-nio-8082-exec-3] Forwarding to [/WEB-INF/jsp/result.jsp]
2024-04-21 11:30:46,548 DEBUG org.springframework.web.servlet.FrameworkServlet [http-nio-8082-exec-3] Completed 200 OK
2024-04-21 12:36:27,471 WARN org.springframework.boot.test.json.DuplicateJsonObjectContextCustomizerFactory$DuplicateJsonObjectContextCustomizer [main] 

Found multiple occurrences of org.json.JSONObject on the class path:

	jar:file:/C:/Users/james101/.m2/repository/org/json/json/20210307/json-20210307.jar!/org/json/JSONObject.class
	jar:file:/C:/Users/james101/.m2/repository/com/vaadin/external/google/android-json/0.0.20131108.vaadin1/android-json-0.0.20131108.vaadin1.jar!/org/json/JSONObject.class

You may wish to exclude one of them to ensure predictable runtime behavior

2024-04-21 12:36:27,486 INFO org.springframework.boot.StartupInfoLogger [main] Starting ApplicationTests on CSCO-W-PW01XVAM with PID 56184 (started by james101 in C:\_data\git_projects\cop-xform-acc360)
2024-04-21 12:36:27,486 DEBUG org.springframework.boot.StartupInfoLogger [main] Running with Spring Boot v2.3.2.RELEASE, Spring v5.2.8.RELEASE
2024-04-21 12:36:27,487 INFO org.springframework.boot.SpringApplication [main] No active profile set, falling back to default profiles: default
2024-04-21 12:36:27,513 DEBUG org.springframework.context.support.AbstractApplicationContext [main] Refreshing org.springframework.web.context.support.GenericWebApplicationContext@569bf9eb
2024-04-21 12:36:28,243 INFO org.springframework.scheduling.concurrent.ExecutorConfigurationSupport [main] Initializing ExecutorService 'applicationTaskExecutor'
2024-04-21 12:36:28,253 DEBUG org.springframework.web.servlet.mvc.method.annotation.RequestMappingHandlerAdapter [main] ControllerAdvice beans: 0 @ModelAttribute, 0 @InitBinder, 1 RequestBodyAdvice, 1 ResponseBodyAdvice
2024-04-21 12:36:28,304 DEBUG org.springframework.web.servlet.handler.AbstractHandlerMethodMapping [main] 5 mappings in 'requestMappingHandlerMapping'
2024-04-21 12:36:28,346 DEBUG org.springframework.web.servlet.handler.SimpleUrlHandlerMapping [main] Patterns [/webjars/**, /**] in 'resourceHandlerMapping'
2024-04-21 12:36:28,356 DEBUG org.springframework.web.servlet.mvc.method.annotation.ExceptionHandlerExceptionResolver [main] ControllerAdvice beans: 0 @ExceptionHandler, 1 ResponseBodyAdvice
2024-04-21 12:36:28,423 INFO org.springframework.boot.StartupInfoLogger [main] Started ApplicationTests in 1.218 seconds (JVM running for 1.803)
2024-04-21 12:36:28,705 DEBUG org.springframework.context.support.AbstractApplicationContext [SpringContextShutdownHook] Closing org.springframework.web.context.support.GenericWebApplicationContext@569bf9eb, started on Sun Apr 21 12:36:27 CDT 2024
2024-04-21 12:36:28,706 INFO org.springframework.scheduling.concurrent.ExecutorConfigurationSupport [SpringContextShutdownHook] Shutting down ExecutorService 'applicationTaskExecutor'
